2023-12-22 07:09:10,243 - Connecting to database: tasks_db
2023-12-22 07:09:10,244 - Disconnected from database: tasks_db
2023-12-22 07:09:10,244 - Connecting to database: behavior_db
2023-12-22 07:09:10,244 - Disconnected from database: behavior_db
2023-12-22 07:24:04,952 - Connecting to database: tasks_db
2023-12-22 07:24:04,964 - Disconnected from database: tasks_db
2023-12-22 07:24:04,964 - Connecting to database: behavior_db
2023-12-22 07:24:04,965 - Disconnected from database: behavior_db
2023-12-22 08:15:37,108 - Connecting to database: tasks_db
2023-12-22 08:15:37,121 - Disconnected from database: tasks_db
2023-12-22 08:15:37,122 - Connecting to database: behavior_db
2023-12-22 08:15:37,123 - Disconnected from database: behavior_db
2023-12-22 08:27:14,930 - Connecting to database: tasks_db
2023-12-22 08:27:14,942 - Disconnected from database: tasks_db
2023-12-22 08:27:14,942 - Connecting to database: behavior_db
2023-12-22 08:27:14,943 - Disconnected from database: behavior_db
2023-12-22 08:27:25,306 - Connecting to database: tasks_db
2023-12-22 08:27:25,308 - Disconnected from database: tasks_db
2023-12-22 08:27:25,308 - Connecting to database: behavior_db
2023-12-22 08:27:25,308 - Disconnected from database: behavior_db
2023-12-22 08:29:35,790 - Connecting to database: tasks_db
2023-12-22 08:29:35,791 - Disconnected from database: tasks_db
2023-12-22 08:29:35,792 - Connecting to database: behavior_db
2023-12-22 08:29:35,792 - Disconnected from database: behavior_db
2023-12-22 08:32:00,439 - Connecting to database: tasks_db
2023-12-22 08:32:00,447 - Disconnected from database: tasks_db
2023-12-22 08:32:00,453 - Connecting to database: behavior_db
2023-12-22 08:32:00,459 - Disconnected from database: behavior_db
2023-12-22 08:32:01,552 - Incoming request: GET http://b3725723-7c0e-456a-a594-39459a64dbf9-00-1mw6ov8pt9j3j.janeway.replit.dev/?initialPath=%2F&id=%3Ar32%3A
2023-12-22 08:32:01,564 - Response status: 200
2023-12-22 08:32:07,459 - Incoming request: GET http://b3725723-7c0e-456a-a594-39459a64dbf9-00-1mw6ov8pt9j3j.janeway.replit.dev/?initialPath=%2F&id=%3Ar32%3A
2023-12-22 08:32:07,466 - Response status: 200
2023-12-22 08:35:22,438 - Connecting to database: tasks_db
2023-12-22 08:35:22,439 - Disconnected from database: tasks_db
2023-12-22 08:35:22,439 - Connecting to database: behavior_db
2023-12-22 08:35:22,440 - Disconnected from database: behavior_db
2023-12-22 08:36:10,858 - Incoming request: GET http://b3725723-7c0e-456a-a594-39459a64dbf9-00-1mw6ov8pt9j3j.janeway.replit.dev/?initialPath=%2F&id=%3Ar32%3A
2023-12-22 08:36:10,862 - Response status: 200
2023-12-22 10:12:37,572 - Connecting to database: tasks_db
2023-12-22 10:12:37,591 - Disconnected from database: tasks_db
2023-12-22 10:12:37,592 - Connecting to database: behavior_db
2023-12-22 10:12:37,592 - Disconnected from database: behavior_db
2023-12-22 10:13:39,093 - Incoming request: GET http://b3725723-7c0e-456a-a594-39459a64dbf9-00-1mw6ov8pt9j3j.janeway.replit.dev/?initialPath=%2F&id=%3Ar32%3A
2023-12-22 10:13:39,096 - Response status: 200
2023-12-22 10:15:46,403 - Connecting to database: tasks_db
2023-12-22 10:15:46,404 - Disconnected from database: tasks_db
2023-12-22 10:15:46,404 - Connecting to database: behavior_db
2023-12-22 10:15:46,405 - Disconnected from database: behavior_db
2023-12-22 10:16:48,038 - Incoming request: GET http://b3725723-7c0e-456a-a594-39459a64dbf9-00-1mw6ov8pt9j3j.janeway.replit.dev/?initialPath=%2F&id=%3Ar32%3A
2023-12-22 10:16:48,043 - Response status: 200
